[2017-02-17 23:04:51,240] multiqc                                            [DEBUG  ]  No MultiQC config found: /projectnb/bubhub/conda_root/user_envs/crespodi/presymptomatic_hd_mrnaseq/lib/python3.4/site-packages/multiqc-0.9-py3.4.egg/multiqc_config.yaml
[2017-02-17 23:04:51,241] multiqc                                            [DEBUG  ]  No MultiQC config found: /usr3/graduate/crespodi/.multiqc_config.yaml
[2017-02-17 23:04:51,241] multiqc                                            [DEBUG  ]  No MultiQC config found: multiqc_config.yaml
[2017-02-17 23:04:51,241] multiqc                                            [DEBUG  ]  Command used: /projectnb/bubhub/conda_root/user_envs/crespodi/presymptomatic_hd_mrnaseq/bin/multiqc -s /usr3/graduate/crespodi/Huntington/presymptomatic_hd_mrnaseq/samples/
[2017-02-17 23:04:51,453] multiqc                                            [INFO   ]  Not cleaning sample names
[2017-02-17 23:04:51,454] multiqc                                            [INFO   ]  This is MultiQC v0.9
[2017-02-17 23:04:51,454] multiqc                                            [DEBUG  ]  Command     : /projectnb/bubhub/conda_root/user_envs/crespodi/presymptomatic_hd_mrnaseq/bin/multiqc -s /usr3/graduate/crespodi/Huntington/presymptomatic_hd_mrnaseq/samples/
[2017-02-17 23:04:51,454] multiqc                                            [DEBUG  ]  Working dir : /usr3/graduate/crespodi/Huntington/presymptomatic_hd_mrnaseq/analysis/alignment
[2017-02-17 23:04:51,454] multiqc                                            [INFO   ]  Template    : default
[2017-02-17 23:04:51,455] multiqc                                            [INFO   ]  Searching '/usr3/graduate/crespodi/Huntington/presymptomatic_hd_mrnaseq/samples/'
[2017-02-17 23:04:51,455] multiqc                                            [DEBUG  ]  Analysing modules: htseq, gatk, custom_content, peddy, quast, snpeff, qualimap, bcftools, featureCounts, methylQA, rseqc, picard, preseq, prokka, samblaster, samtools, bamtools, bismark, hicup, salmon, kallisto, slamdunk, star, tophat, bowtie2, bowtie1, cutadapt, trimmomatic, skewer, fastq_screen, fastqc
[2017-02-17 23:04:51,455] multiqc                                            [DEBUG  ]  Using temporary directory for creating report: /scratch/6395775.1.linga/tmp7qqvnks_
[2017-02-17 23:04:51,541] multiqc                                            [DEBUG  ]  Ignoring file as matched an ignore pattern: STAR__Aligned.out.bam
[2017-02-17 23:04:51,541] multiqc                                            [DEBUG  ]  Ignoring file as matched an ignore pattern: H_0791_BA9_mRNASeq.R1.fastq.gz
[2017-02-17 23:04:51,553] multiqc                                            [DEBUG  ]  Ignoring file as matched an ignore pattern: H_0791_BA9_mRNASeq.R2.fastq.gz
[2017-02-17 23:04:51,554] multiqc                                            [DEBUG  ]  Ignoring file as too large: H_0014_BA9_trim.R2P_fastq.zip
[2017-02-17 23:04:51,554] multiqc                                            [DEBUG  ]  Ignoring file as matched an ignore pattern: H_0014_BA9_mRNASeq.R1.fastq.gz
[2017-02-17 23:04:51,555] multiqc                                            [DEBUG  ]  Ignoring file as too large: H_0014_BA9_trim.R1UP_fastq.zip
[2017-02-17 23:04:51,556] multiqc                                            [DEBUG  ]  Ignoring file as too large: H_0014_BA9_trim.R1P_fastq.zip
[2017-02-17 23:04:51,556] multiqc                                            [DEBUG  ]  Ignoring file as too large: H_0014_BA9_trim.R2UP_fastq.zip
[2017-02-17 23:04:51,557] multiqc                                            [DEBUG  ]  Ignoring file as too large: STAR__SJ.out.tab
[2017-02-17 23:04:51,558] multiqc                                            [DEBUG  ]  Ignoring file as matched an ignore pattern: H_0014_BA9_mRNASeq.R2.fastq.gz
[2017-02-17 23:04:51,768] multiqc.modules.htseq.htseq                        [DEBUG  ]  Could not find any reports in ('/usr3/graduate/crespodi/Huntington/presymptomatic_hd_mrnaseq/samples/',)
[2017-02-17 23:04:51,869] multiqc.modules.gatk.gatk                          [DEBUG  ]  Could not find any reports in ('/usr3/graduate/crespodi/Huntington/presymptomatic_hd_mrnaseq/samples/',)
[2017-02-17 23:04:51,908] multiqc.modules.custom_content.custom_content      [DEBUG  ]  No custom content found
[2017-02-17 23:04:51,944] multiqc.modules.peddy.peddy                        [DEBUG  ]  Could not find any reports in ('/usr3/graduate/crespodi/Huntington/presymptomatic_hd_mrnaseq/samples/',)
[2017-02-17 23:04:51,981] multiqc.modules.quast.quast                        [DEBUG  ]  Could not find any reports in ('/usr3/graduate/crespodi/Huntington/presymptomatic_hd_mrnaseq/samples/',)
[2017-02-17 23:04:52,020] multiqc.modules.snpeff.snpeff                      [DEBUG  ]  Could not find any data in ('/usr3/graduate/crespodi/Huntington/presymptomatic_hd_mrnaseq/samples/',)
[2017-02-17 23:04:52,104] multiqc.modules.qualimap.QM_BamQC                  [DEBUG  ]  Using default Qualimap thresholds: 1, 5, 10, 30, 50
[2017-02-17 23:04:52,112] multiqc.modules.qualimap.qualimap                  [DEBUG  ]  Could not find any reports in ('/usr3/graduate/crespodi/Huntington/presymptomatic_hd_mrnaseq/samples/',)
[2017-02-17 23:04:52,160] multiqc.modules.bcftools.bcftools                  [DEBUG  ]  Could not find any reports in ('/usr3/graduate/crespodi/Huntington/presymptomatic_hd_mrnaseq/samples/',)
[2017-02-17 23:04:52,214] multiqc.modules.featureCounts.feature_counts       [DEBUG  ]  Could not find any reports in ('/usr3/graduate/crespodi/Huntington/presymptomatic_hd_mrnaseq/samples/',)
[2017-02-17 23:04:52,256] multiqc.modules.methylQA.methylQA                  [DEBUG  ]  Could not find any reports in ('/usr3/graduate/crespodi/Huntington/presymptomatic_hd_mrnaseq/samples/',)
[2017-02-17 23:04:52,471] multiqc.modules.rseqc.rseqc                        [DEBUG  ]  Could not find any reports in ('/usr3/graduate/crespodi/Huntington/presymptomatic_hd_mrnaseq/samples/',)
[2017-02-17 23:04:52,680] multiqc.modules.picard.picard                      [DEBUG  ]  Could not find any reports in ('/usr3/graduate/crespodi/Huntington/presymptomatic_hd_mrnaseq/samples/',)
[2017-02-17 23:04:52,721] multiqc.modules.preseq.preseq                      [DEBUG  ]  Could not find any preseq data in ('/usr3/graduate/crespodi/Huntington/presymptomatic_hd_mrnaseq/samples/',)
[2017-02-17 23:04:52,750] multiqc.modules.prokka.prokka                      [DEBUG  ]  Could not find any Prokka data in ('/usr3/graduate/crespodi/Huntington/presymptomatic_hd_mrnaseq/samples/',)
[2017-02-17 23:04:52,787] multiqc.modules.samblaster.samblaster              [DEBUG  ]  Could not find any data in ('/usr3/graduate/crespodi/Huntington/presymptomatic_hd_mrnaseq/samples/',)
[2017-02-17 23:04:52,972] multiqc.modules.samtools.samtools                  [DEBUG  ]  Could not find any reports in ('/usr3/graduate/crespodi/Huntington/presymptomatic_hd_mrnaseq/samples/',)
[2017-02-17 23:04:53,034] multiqc.modules.bamtools.bamtools                  [DEBUG  ]  Could not find any reports in ('/usr3/graduate/crespodi/Huntington/presymptomatic_hd_mrnaseq/samples/',)
[2017-02-17 23:04:53,057] multiqc.modules.bismark.bismark                    [DEBUG  ]  Could not find any reports in ('/usr3/graduate/crespodi/Huntington/presymptomatic_hd_mrnaseq/samples/',)
[2017-02-17 23:04:53,086] multiqc.modules.hicup.hicup                        [DEBUG  ]  Could not find any HiCUP data in ('/usr3/graduate/crespodi/Huntington/presymptomatic_hd_mrnaseq/samples/',)
[2017-02-17 23:04:53,103] multiqc.modules.salmon.salmon                      [DEBUG  ]  Could not find any Salmon data in ('/usr3/graduate/crespodi/Huntington/presymptomatic_hd_mrnaseq/samples/',)
[2017-02-17 23:04:53,137] multiqc.modules.kallisto.kallisto                  [DEBUG  ]  Could not find any reports in ('/usr3/graduate/crespodi/Huntington/presymptomatic_hd_mrnaseq/samples/',)
[2017-02-17 23:04:53,208] multiqc.modules.slamdunk.slamdunk                  [DEBUG  ]  No slamdunk reports found.
[2017-02-17 23:04:53,262] multiqc.modules.star.star                          [INFO   ]  Found 1 reports
[2017-02-17 23:04:53,288] multiqc.modules.tophat.tophat                      [DEBUG  ]  Could not find any reports in ('/usr3/graduate/crespodi/Huntington/presymptomatic_hd_mrnaseq/samples/',)
[2017-02-17 23:04:53,316] multiqc.modules.bowtie2.bowtie2                    [DEBUG  ]  Could not find any reports in ('/usr3/graduate/crespodi/Huntington/presymptomatic_hd_mrnaseq/samples/',)
[2017-02-17 23:04:53,346] multiqc.modules.bowtie1.bowtie1                    [DEBUG  ]  Could not find any reports in ('/usr3/graduate/crespodi/Huntington/presymptomatic_hd_mrnaseq/samples/',)
[2017-02-17 23:04:53,384] multiqc.modules.cutadapt.cutadapt                  [DEBUG  ]  Could not find any reports in ('/usr3/graduate/crespodi/Huntington/presymptomatic_hd_mrnaseq/samples/',)
[2017-02-17 23:04:53,410] multiqc.modules.trimmomatic.trimmomatic            [INFO   ]  Found 1 logs
[2017-02-17 23:04:53,435] multiqc.modules.skewer.skewer                      [DEBUG  ]  Could not find any data in ('/usr3/graduate/crespodi/Huntington/presymptomatic_hd_mrnaseq/samples/',)
[2017-02-17 23:04:53,450] multiqc.modules.fastq_screen.fastq_screen          [DEBUG  ]  Could not find any reports in ('/usr3/graduate/crespodi/Huntington/presymptomatic_hd_mrnaseq/samples/',)
[2017-02-17 23:04:53,617] multiqc.modules.fastqc.fastqc                      [INFO   ]  Found 2 reports
[2017-02-17 23:04:53,841] multiqc                                            [INFO   ]  Report      : multiqc_report.html
[2017-02-17 23:04:53,844] multiqc                                            [INFO   ]  Data        : multiqc_data
[2017-02-17 23:04:53,844] multiqc                                            [DEBUG  ]  Moving data file from '/scratch/6395775.1.linga/tmp7qqvnks_/multiqc_data/multiqc_star.txt' to '/usr3/graduate/crespodi/Huntington/presymptomatic_hd_mrnaseq/analysis/alignment/multiqc_data'
[2017-02-17 23:04:53,846] multiqc                                            [DEBUG  ]  Moving data file from '/scratch/6395775.1.linga/tmp7qqvnks_/multiqc_data/multiqc_sources.txt' to '/usr3/graduate/crespodi/Huntington/presymptomatic_hd_mrnaseq/analysis/alignment/multiqc_data'
[2017-02-17 23:04:53,848] multiqc                                            [DEBUG  ]  Moving data file from '/scratch/6395775.1.linga/tmp7qqvnks_/multiqc_data/multiqc_trimmomatic.txt' to '/usr3/graduate/crespodi/Huntington/presymptomatic_hd_mrnaseq/analysis/alignment/multiqc_data'
[2017-02-17 23:04:53,850] multiqc                                            [DEBUG  ]  Moving data file from '/scratch/6395775.1.linga/tmp7qqvnks_/multiqc_data/multiqc_general_stats.txt' to '/usr3/graduate/crespodi/Huntington/presymptomatic_hd_mrnaseq/analysis/alignment/multiqc_data'
[2017-02-17 23:04:53,852] multiqc                                            [DEBUG  ]  Moving data file from '/scratch/6395775.1.linga/tmp7qqvnks_/multiqc_data/multiqc_fastqc.txt' to '/usr3/graduate/crespodi/Huntington/presymptomatic_hd_mrnaseq/analysis/alignment/multiqc_data'
[2017-02-17 23:04:54,764] multiqc                                            [INFO   ]  MultiQC complete
